<?xml version="1.0" encoding="UTF-8"?>
<configuration>

    <appender name="INFO_LOG" class="ch.qos.logback.core.rolling.RollingFileAppender">
        <file>logs/info.log</file>
        <rollingPolicy class="ch.qos.logback.core.rolling.TimeBasedRollingPolicy">
            <fileNamePattern>logs/info-%d{yyyy-MM-dd}.log</fileNamePattern>
            <maxHistory>30</maxHistory>
        </rollingPolicy>
        <encoder>
            <pattern>%d{yyyy-MM-dd HH:mm:ss} - %msg%n</pattern>
        </encoder>
        <filter class="ch.qos.logback.classic.filter.LevelFilter">
            <level>INFO</level>
            <onMatch>ACCEPT</onMatch>
            <onMismatch>DENY</onMismatch>
        </filter>
    </appender>


    <root level="INFO">
        <appender-ref ref="INFO_LOG"/>

    </root>

</configuration>
