2024-09-13 11:16:25 - HV000001: Hibernate Validator 8.0.1.Final
2024-09-13 11:16:25 - Starting EmployeeApplication using Java 22.0.2 with PID 5812 (C:\spring\employee\employee\target\classes started by Bhargavi G in C:\spring\employee\employee)
2024-09-13 11:16:25 - The following 1 profile is active: "prod"
2024-09-13 11:16:27 - Bootstrapping Spring Data JPA repositories in DEFAULT mode.
2024-09-13 11:16:27 - Finished Spring Data repository scanning in 56 ms. Found 1 JPA repository interface.
2024-09-13 11:16:28 - Tomcat initialized with port 8080 (http)
2024-09-13 11:16:28 - Initializing ProtocolHandler ["http-nio-8080"]
2024-09-13 11:16:28 - Starting service [Tomcat]
2024-09-13 11:16:28 - Starting Servlet engine: [Apache Tomcat/10.1.28]
2024-09-13 11:16:28 - Initializing Spring embedded WebApplicationContext
2024-09-13 11:16:28 - Root WebApplicationContext: initialization completed in 2376 ms
2024-09-13 11:16:28 - HHH000204: Processing PersistenceUnitInfo [name: default]
2024-09-13 11:16:28 - HHH000412: Hibernate ORM core version 6.5.2.Final
2024-09-13 11:16:28 - HHH000026: Second-level cache disabled
2024-09-13 11:16:28 - No LoadTimeWeaver setup: ignoring JPA class transformer
2024-09-13 11:16:28 - HikariPool-1 - Starting...
2024-09-13 11:16:29 - HikariPool-1 - Added connection com.mysql.cj.jdbc.ConnectionImpl@72b10258
2024-09-13 11:16:29 - HikariPool-1 - Start completed.
2024-09-13 11:16:30 - HHH000489: No JTA platform available (set 'hibernate.transaction.jta.platform' to enable JTA platform integration)
2024-09-13 11:16:30 - Initialized JPA EntityManagerFactory for persistence unit 'default'
2024-09-13 11:16:31 - Exposing 3 endpoints beneath base path '/actuator'
2024-09-13 11:16:31 - Starting ProtocolHandler ["http-nio-8080"]
2024-09-13 11:16:31 - Tomcat started on port 8080 (http) with context path '/'
2024-09-13 11:16:31 - Started EmployeeApplication in 6.8 seconds (process running for 7.32)
2024-09-13 11:17:53 - Closing JPA EntityManagerFactory for persistence unit 'default'
2024-09-13 11:17:53 - HikariPool-1 - Shutdown initiated...
2024-09-13 11:17:53 - HikariPool-1 - Shutdown completed.
2024-09-13 11:21:42 - Starting EmployeeApplication using Java 22.0.2 with PID 8788 (C:\spring\employee\employee\target\classes started by Bhargavi G in C:\spring\employee\employee)
2024-09-13 11:21:42 - The following 1 profile is active: "prod"
2024-09-13 11:21:44 - Initializing ProtocolHandler ["http-nio-8080"]
2024-09-13 11:21:44 - Starting service [Tomcat]
2024-09-13 11:21:44 - Starting Servlet engine: [Apache Tomcat/10.1.28]
2024-09-13 11:21:44 - Initializing Spring embedded WebApplicationContext
2024-09-13 11:21:45 - HikariPool-1 - Starting...
2024-09-13 11:21:46 - HikariPool-1 - Added connection com.mysql.cj.jdbc.ConnectionImpl@417bfebd
2024-09-13 11:21:46 - HikariPool-1 - Start completed.
2024-09-13 11:21:48 - Starting ProtocolHandler ["http-nio-8080"]
2024-09-13 11:21:48 - Started EmployeeApplication in 6.826 seconds (process running for 7.333)
2024-09-13 11:23:06 - HikariPool-1 - Shutdown initiated...
2024-09-13 11:23:06 - HikariPool-1 - Shutdown completed.
2024-09-13 11:23:10 - Starting EmployeeApplication using Java 22.0.2 with PID 9128 (C:\spring\employee\employee\target\classes started by Bhargavi G in C:\spring\employee\employee)
2024-09-13 11:23:10 - The following 1 profile is active: "prod"
2024-09-13 11:23:13 - Initializing ProtocolHandler ["http-nio-8080"]
2024-09-13 11:23:13 - Starting service [Tomcat]
2024-09-13 11:23:13 - Starting Servlet engine: [Apache Tomcat/10.1.28]
2024-09-13 11:23:13 - Initializing Spring embedded WebApplicationContext
2024-09-13 11:23:13 - HikariPool-1 - Starting...
2024-09-13 11:23:14 - HikariPool-1 - Added connection com.mysql.cj.jdbc.ConnectionImpl@417bfebd
2024-09-13 11:23:14 - HikariPool-1 - Start completed.
2024-09-13 11:23:16 - Starting ProtocolHandler ["http-nio-8080"]
2024-09-13 11:23:16 - Started EmployeeApplication in 6.669 seconds (process running for 7.163)
2024-09-13 11:23:30 - Initializing Spring DispatcherServlet 'dispatcherServlet'
2024-09-13 11:24:09 - File uploaded successfully: . Processed 0 employees
2024-09-13 11:24:54 - HikariPool-1 - Shutdown initiated...
2024-09-13 11:24:54 - HikariPool-1 - Shutdown completed.
2024-09-13 11:25:08 - Starting EmployeeApplication using Java 22.0.2 with PID 7564 (C:\spring\employee\employee\target\classes started by Bhargavi G in C:\spring\employee\employee)
2024-09-13 11:25:08 - The following 1 profile is active: "prod"
2024-09-13 11:25:10 - Initializing ProtocolHandler ["http-nio-8080"]
2024-09-13 11:25:10 - Starting service [Tomcat]
2024-09-13 11:25:10 - Starting Servlet engine: [Apache Tomcat/10.1.28]
2024-09-13 11:25:10 - Initializing Spring embedded WebApplicationContext
2024-09-13 11:25:11 - HikariPool-1 - Starting...
2024-09-13 11:25:11 - HikariPool-1 - Added connection com.mysql.cj.jdbc.ConnectionImpl@3d05435c
2024-09-13 11:25:11 - HikariPool-1 - Start completed.
2024-09-13 11:25:13 - Starting ProtocolHandler ["http-nio-8080"]
2024-09-13 11:25:13 - Started EmployeeApplication in 6.541 seconds (process running for 7.054)
2024-09-13 11:26:02 - Initializing Spring DispatcherServlet 'dispatcherServlet'
2024-09-13 11:27:08 - HikariPool-1 - Shutdown initiated...
2024-09-13 11:27:08 - HikariPool-1 - Shutdown completed.
2024-09-13 11:27:10 - Starting EmployeeApplication using Java 22.0.2 with PID 14340 (C:\spring\employee\employee\target\classes started by Bhargavi G in C:\spring\employee\employee)
2024-09-13 11:27:10 - The following 1 profile is active: "prod"
2024-09-13 11:27:12 - Initializing ProtocolHandler ["http-nio-8080"]
2024-09-13 11:27:12 - Starting service [Tomcat]
2024-09-13 11:27:12 - Starting Servlet engine: [Apache Tomcat/10.1.28]
2024-09-13 11:27:12 - Initializing Spring embedded WebApplicationContext
2024-09-13 11:27:13 - HikariPool-1 - Starting...
2024-09-13 11:27:14 - HikariPool-1 - Added connection com.mysql.cj.jdbc.ConnectionImpl@73a116d
2024-09-13 11:27:14 - HikariPool-1 - Start completed.
2024-09-13 11:27:16 - Starting ProtocolHandler ["http-nio-8080"]
2024-09-13 11:27:16 - Started EmployeeApplication in 6.27 seconds (process running for 6.762)
2024-09-13 11:27:33 - Initializing Spring DispatcherServlet 'dispatcherServlet'
2024-09-13 11:35:49 - HikariPool-1 - Shutdown initiated...
2024-09-13 11:35:49 - HikariPool-1 - Shutdown completed.
2024-09-13 11:35:52 - Starting EmployeeApplication using Java 22.0.2 with PID 15840 (C:\spring\employee\employee\target\classes started by Bhargavi G in C:\spring\employee\employee)
2024-09-13 11:35:52 - The following 1 profile is active: "prod"
2024-09-13 11:35:54 - Initializing ProtocolHandler ["http-nio-8080"]
2024-09-13 11:35:54 - Starting service [Tomcat]
2024-09-13 11:35:54 - Starting Servlet engine: [Apache Tomcat/10.1.28]
2024-09-13 11:35:54 - Initializing Spring embedded WebApplicationContext
2024-09-13 11:35:55 - HikariPool-1 - Starting...
2024-09-13 11:35:56 - HikariPool-1 - Added connection com.mysql.cj.jdbc.ConnectionImpl@417bfebd
2024-09-13 11:35:56 - HikariPool-1 - Start completed.
2024-09-13 11:35:58 - Starting ProtocolHandler ["http-nio-8080"]
2024-09-13 11:35:58 - Started EmployeeApplication in 6.878 seconds (process running for 7.366)
2024-09-13 11:36:49 - Initializing Spring DispatcherServlet 'dispatcherServlet'
2024-09-13 11:37:19 - HikariPool-1 - Shutdown initiated...
2024-09-13 11:37:19 - HikariPool-1 - Shutdown completed.
2024-09-13 11:37:21 - Starting EmployeeApplication using Java 22.0.2 with PID 14252 (C:\spring\employee\employee\target\classes started by Bhargavi G in C:\spring\employee\employee)
2024-09-13 11:37:21 - The following 1 profile is active: "prod"
2024-09-13 11:37:23 - Initializing ProtocolHandler ["http-nio-8080"]
2024-09-13 11:37:23 - Starting service [Tomcat]
2024-09-13 11:37:23 - Starting Servlet engine: [Apache Tomcat/10.1.28]
2024-09-13 11:37:23 - Initializing Spring embedded WebApplicationContext
2024-09-13 11:37:24 - HikariPool-1 - Starting...
2024-09-13 11:37:25 - HikariPool-1 - Added connection com.mysql.cj.jdbc.ConnectionImpl@7d80e1b3
2024-09-13 11:37:25 - HikariPool-1 - Start completed.
2024-09-13 11:37:27 - Starting ProtocolHandler ["http-nio-8080"]
2024-09-13 11:37:27 - Started EmployeeApplication in 6.564 seconds (process running for 7.083)
2024-09-13 11:37:40 - Initializing Spring DispatcherServlet 'dispatcherServlet'
2024-09-13 11:47:58 - HikariPool-1 - Shutdown initiated...
2024-09-13 11:47:58 - HikariPool-1 - Shutdown completed.
2024-09-13 11:48:03 - Starting EmployeeApplication using Java 22.0.2 with PID 9552 (C:\spring\employee\employee\target\classes started by Bhargavi G in C:\spring\employee\employee)
2024-09-13 11:48:03 - The following 1 profile is active: "prod"
2024-09-13 11:48:06 - Initializing ProtocolHandler ["http-nio-8080"]
2024-09-13 11:48:06 - Starting service [Tomcat]
2024-09-13 11:48:06 - Starting Servlet engine: [Apache Tomcat/10.1.28]
2024-09-13 11:48:06 - Initializing Spring embedded WebApplicationContext
2024-09-13 11:48:07 - HikariPool-1 - Starting...
2024-09-13 11:48:07 - HikariPool-1 - Added connection com.mysql.cj.jdbc.ConnectionImpl@417bfebd
2024-09-13 11:48:07 - HikariPool-1 - Start completed.
2024-09-13 11:48:09 - Starting ProtocolHandler ["http-nio-8080"]
2024-09-13 11:48:09 - Started EmployeeApplication in 6.776 seconds (process running for 7.268)
2024-09-13 11:48:10 - HikariPool-1 - Shutdown initiated...
2024-09-13 11:48:10 - HikariPool-1 - Shutdown completed.
2024-09-13 11:48:13 - Starting EmployeeApplication using Java 22.0.2 with PID 6124 (C:\spring\employee\employee\target\classes started by Bhargavi G in C:\spring\employee\employee)
2024-09-13 11:48:13 - The following 1 profile is active: "prod"
2024-09-13 11:48:15 - Initializing ProtocolHandler ["http-nio-8080"]
2024-09-13 11:48:15 - Starting service [Tomcat]
2024-09-13 11:48:15 - Starting Servlet engine: [Apache Tomcat/10.1.28]
2024-09-13 11:48:15 - Initializing Spring embedded WebApplicationContext
2024-09-13 11:48:16 - HikariPool-1 - Starting...
2024-09-13 11:48:17 - HikariPool-1 - Added connection com.mysql.cj.jdbc.ConnectionImpl@7e2a76be
2024-09-13 11:48:17 - HikariPool-1 - Start completed.
2024-09-13 11:48:19 - Starting ProtocolHandler ["http-nio-8080"]
2024-09-13 11:48:19 - Started EmployeeApplication in 7.205 seconds (process running for 7.714)
2024-09-13 11:48:37 - Initializing Spring DispatcherServlet 'dispatcherServlet'
2024-09-13 11:50:30 - HikariPool-1 - Shutdown initiated...
2024-09-13 11:50:30 - HikariPool-1 - Shutdown completed.
2024-09-13 11:50:32 - Starting EmployeeApplication using Java 22.0.2 with PID 12584 (C:\spring\employee\employee\target\classes started by Bhargavi G in C:\spring\employee\employee)
2024-09-13 11:50:32 - The following 1 profile is active: "prod"
2024-09-13 11:50:35 - Initializing ProtocolHandler ["http-nio-8080"]
2024-09-13 11:50:35 - Starting service [Tomcat]
2024-09-13 11:50:35 - Starting Servlet engine: [Apache Tomcat/10.1.28]
2024-09-13 11:50:35 - Initializing Spring embedded WebApplicationContext
2024-09-13 11:50:36 - HikariPool-1 - Starting...
2024-09-13 11:50:37 - HikariPool-1 - Added connection com.mysql.cj.jdbc.ConnectionImpl@6cb662e8
2024-09-13 11:50:37 - HikariPool-1 - Start completed.
2024-09-13 11:50:39 - Starting ProtocolHandler ["http-nio-8080"]
2024-09-13 11:50:39 - Started EmployeeApplication in 7.367 seconds (process running for 8.003)
2024-09-13 11:50:57 - HikariPool-1 - Shutdown initiated...
2024-09-13 11:50:57 - HikariPool-1 - Shutdown completed.
2024-09-13 11:51:00 - Starting EmployeeApplication using Java 22.0.2 with PID 10748 (C:\spring\employee\employee\target\classes started by Bhargavi G in C:\spring\employee\employee)
2024-09-13 11:51:00 - The following 1 profile is active: "prod"
2024-09-13 11:51:02 - Initializing ProtocolHandler ["http-nio-8080"]
2024-09-13 11:51:02 - Starting service [Tomcat]
2024-09-13 11:51:02 - Starting Servlet engine: [Apache Tomcat/10.1.28]
2024-09-13 11:51:02 - Initializing Spring embedded WebApplicationContext
2024-09-13 11:51:03 - HikariPool-1 - Starting...
2024-09-13 11:51:03 - HikariPool-1 - Added connection com.mysql.cj.jdbc.ConnectionImpl@460b77d6
2024-09-13 11:51:03 - HikariPool-1 - Start completed.
2024-09-13 11:51:05 - Starting ProtocolHandler ["http-nio-8080"]
2024-09-13 11:51:06 - Started EmployeeApplication in 6.696 seconds (process running for 7.21)
2024-09-13 12:07:52 - HikariPool-1 - Shutdown initiated...
2024-09-13 12:07:52 - HikariPool-1 - Shutdown completed.
2024-09-13 12:07:58 - Starting EmployeeApplication using Java 22.0.2 with PID 12376 (C:\spring\employee\employee\target\classes started by Bhargavi G in C:\spring\employee\employee)
2024-09-13 12:07:58 - The following 1 profile is active: "prod"
2024-09-13 12:08:01 - Initializing ProtocolHandler ["http-nio-8080"]
2024-09-13 12:08:01 - Starting service [Tomcat]
2024-09-13 12:08:01 - Starting Servlet engine: [Apache Tomcat/10.1.28]
2024-09-13 12:08:01 - Initializing Spring embedded WebApplicationContext
2024-09-13 12:08:02 - HikariPool-1 - Starting...
2024-09-13 12:08:03 - HikariPool-1 - Added connection com.mysql.cj.jdbc.ConnectionImpl@7d80e1b3
2024-09-13 12:08:03 - HikariPool-1 - Start completed.
2024-09-13 12:08:05 - Starting ProtocolHandler ["http-nio-8080"]
2024-09-13 12:08:05 - Started EmployeeApplication in 8.743 seconds (process running for 9.382)
2024-09-13 12:31:31 - HikariPool-1 - Shutdown initiated...
2024-09-13 12:31:31 - HikariPool-1 - Shutdown completed.
2024-09-13 12:31:35 - Starting EmployeeApplication using Java 22.0.2 with PID 6704 (C:\spring\employee\employee\target\classes started by Bhargavi G in C:\spring\employee\employee)
2024-09-13 12:31:35 - The following 1 profile is active: "prod"
2024-09-13 12:31:38 - Initializing ProtocolHandler ["http-nio-8080"]
2024-09-13 12:31:38 - Starting service [Tomcat]
2024-09-13 12:31:38 - Starting Servlet engine: [Apache Tomcat/10.1.28]
2024-09-13 12:31:38 - Initializing Spring embedded WebApplicationContext
2024-09-13 12:31:39 - HikariPool-1 - Starting...
2024-09-13 12:31:39 - HikariPool-1 - Added connection com.mysql.cj.jdbc.ConnectionImpl@72b1df49
2024-09-13 12:31:39 - HikariPool-1 - Start completed.
2024-09-13 12:31:41 - Starting ProtocolHandler ["http-nio-8080"]
2024-09-13 12:31:41 - Started EmployeeApplication in 6.606 seconds (process running for 7.093)
2024-09-13 12:41:38 - HikariPool-1 - Shutdown initiated...
2024-09-13 12:41:38 - HikariPool-1 - Shutdown completed.
2024-09-13 12:41:59 - Starting EmployeeApplication using Java 22.0.2 with PID 9480 (C:\spring\employee\employee\target\classes started by Bhargavi G in C:\spring\employee\employee)
2024-09-13 12:41:59 - The following 1 profile is active: "prod"
2024-09-13 12:42:01 - Initializing ProtocolHandler ["http-nio-8080"]
2024-09-13 12:42:01 - Starting service [Tomcat]
2024-09-13 12:42:01 - Starting Servlet engine: [Apache Tomcat/10.1.28]
2024-09-13 12:42:01 - Initializing Spring embedded WebApplicationContext
2024-09-13 12:42:02 - HikariPool-1 - Starting...
2024-09-13 12:42:02 - HikariPool-1 - Added connection com.mysql.cj.jdbc.ConnectionImpl@7d80e1b3
2024-09-13 12:42:02 - HikariPool-1 - Start completed.
2024-09-13 12:42:04 - Starting ProtocolHandler ["http-nio-8080"]
2024-09-13 12:42:04 - Started EmployeeApplication in 6.632 seconds (process running for 7.12)
2024-09-13 12:44:57 - HikariPool-1 - Shutdown initiated...
2024-09-13 12:44:57 - HikariPool-1 - Shutdown completed.
2024-09-13 12:45:10 - Starting EmployeeApplication using Java 22.0.2 with PID 7624 (C:\spring\employee\employee\target\classes started by Bhargavi G in C:\spring\employee\employee)
2024-09-13 12:45:10 - The following 1 profile is active: "prod"
2024-09-13 12:45:12 - Initializing ProtocolHandler ["http-nio-8080"]
2024-09-13 12:45:12 - Starting service [Tomcat]
2024-09-13 12:45:12 - Starting Servlet engine: [Apache Tomcat/10.1.28]
2024-09-13 12:45:12 - Initializing Spring embedded WebApplicationContext
2024-09-13 12:45:13 - HikariPool-1 - Starting...
2024-09-13 12:45:13 - HikariPool-1 - Added connection com.mysql.cj.jdbc.ConnectionImpl@3b8d2abe
2024-09-13 12:45:13 - HikariPool-1 - Start completed.
2024-09-13 12:45:15 - Starting ProtocolHandler ["http-nio-8080"]
2024-09-13 12:45:15 - Started EmployeeApplication in 6.398 seconds (process running for 6.892)
2024-09-13 12:46:19 - HikariPool-1 - Shutdown initiated...
2024-09-13 12:46:19 - HikariPool-1 - Shutdown completed.
2024-09-13 12:46:22 - Starting EmployeeApplication using Java 22.0.2 with PID 3936 (C:\spring\employee\employee\target\classes started by Bhargavi G in C:\spring\employee\employee)
2024-09-13 12:46:22 - The following 1 profile is active: "prod"
2024-09-13 12:46:24 - Initializing ProtocolHandler ["http-nio-8080"]
2024-09-13 12:46:24 - Starting service [Tomcat]
2024-09-13 12:46:24 - Starting Servlet engine: [Apache Tomcat/10.1.28]
2024-09-13 12:46:24 - Initializing Spring embedded WebApplicationContext
2024-09-13 12:46:25 - HikariPool-1 - Starting...
2024-09-13 12:46:25 - HikariPool-1 - Added connection com.mysql.cj.jdbc.ConnectionImpl@7d80e1b3
2024-09-13 12:46:25 - HikariPool-1 - Start completed.
2024-09-13 12:46:28 - Starting ProtocolHandler ["http-nio-8080"]
2024-09-13 12:46:28 - Started EmployeeApplication in 6.611 seconds (process running for 7.155)
2024-09-13 12:48:46 - HikariPool-1 - Shutdown initiated...
2024-09-13 12:48:46 - HikariPool-1 - Shutdown completed.
2024-09-13 12:48:48 - Starting EmployeeApplication using Java 22.0.2 with PID 13372 (C:\spring\employee\employee\target\classes started by Bhargavi G in C:\spring\employee\employee)
2024-09-13 12:48:48 - The following 1 profile is active: "prod"
2024-09-13 12:48:51 - Initializing ProtocolHandler ["http-nio-8080"]
2024-09-13 12:48:51 - Starting service [Tomcat]
2024-09-13 12:48:51 - Starting Servlet engine: [Apache Tomcat/10.1.28]
2024-09-13 12:48:51 - Initializing Spring embedded WebApplicationContext
2024-09-13 12:48:51 - HikariPool-1 - Starting...
2024-09-13 12:48:52 - HikariPool-1 - Added connection com.mysql.cj.jdbc.ConnectionImpl@7f894a6f
2024-09-13 12:48:52 - HikariPool-1 - Start completed.
2024-09-13 12:48:54 - Starting ProtocolHandler ["http-nio-8080"]
2024-09-13 12:48:54 - Started EmployeeApplication in 6.771 seconds (process running for 7.331)
2024-09-13 12:50:54 - HikariPool-1 - Shutdown initiated...
2024-09-13 12:50:54 - HikariPool-1 - Shutdown completed.
2024-09-13 12:51:19 - Starting EmployeeApplication using Java 22.0.2 with PID 2856 (C:\spring\employee\employee\target\classes started by Bhargavi G in C:\spring\employee\employee)
2024-09-13 12:51:19 - The following 1 profile is active: "prod"
2024-09-13 12:51:21 - Initializing ProtocolHandler ["http-nio-8080"]
2024-09-13 12:51:21 - Starting service [Tomcat]
2024-09-13 12:51:21 - Starting Servlet engine: [Apache Tomcat/10.1.28]
2024-09-13 12:51:21 - Initializing Spring embedded WebApplicationContext
2024-09-13 12:51:22 - HikariPool-1 - Starting...
2024-09-13 12:51:22 - HikariPool-1 - Added connection com.mysql.cj.jdbc.ConnectionImpl@1b732dd
2024-09-13 12:51:22 - HikariPool-1 - Start completed.
2024-09-13 12:51:25 - Started EmployeeApplication in 6.681 seconds (process running for 7.184)
2024-09-13 12:51:25 - HikariPool-1 - Shutdown initiated...
2024-09-13 12:51:25 - HikariPool-1 - Shutdown completed.
2024-09-13 12:51:27 - Starting EmployeeApplication using Java 22.0.2 with PID 8528 (C:\spring\employee\employee\target\classes started by Bhargavi G in C:\spring\employee\employee)
2024-09-13 12:51:27 - The following 1 profile is active: "prod"
2024-09-13 12:51:29 - Initializing ProtocolHandler ["http-nio-8080"]
2024-09-13 12:51:29 - Starting service [Tomcat]
2024-09-13 12:51:29 - Starting Servlet engine: [Apache Tomcat/10.1.28]
2024-09-13 12:51:29 - Initializing Spring embedded WebApplicationContext
2024-09-13 12:51:30 - HikariPool-1 - Starting...
2024-09-13 12:51:31 - HikariPool-1 - Added connection com.mysql.cj.jdbc.ConnectionImpl@7d80e1b3
2024-09-13 12:51:31 - HikariPool-1 - Start completed.
2024-09-13 12:51:33 - Starting ProtocolHandler ["http-nio-8080"]
2024-09-13 12:51:33 - Started EmployeeApplication in 6.652 seconds (process running for 7.249)
2024-09-13 12:59:27 - HikariPool-1 - Shutdown initiated...
2024-09-13 12:59:27 - HikariPool-1 - Shutdown completed.
2024-09-13 12:59:32 - Starting EmployeeApplication using Java 22.0.2 with PID 6080 (C:\spring\employee\employee\target\classes started by Bhargavi G in C:\spring\employee\employee)
2024-09-13 12:59:32 - The following 1 profile is active: "prod"
2024-09-13 12:59:34 - Initializing ProtocolHandler ["http-nio-8080"]
2024-09-13 12:59:34 - Starting service [Tomcat]
2024-09-13 12:59:34 - Starting Servlet engine: [Apache Tomcat/10.1.28]
2024-09-13 12:59:34 - Initializing Spring embedded WebApplicationContext
2024-09-13 12:59:35 - HikariPool-1 - Starting...
2024-09-13 12:59:35 - HikariPool-1 - Added connection com.mysql.cj.jdbc.ConnectionImpl@417bfebd
2024-09-13 12:59:35 - HikariPool-1 - Start completed.
2024-09-13 12:59:37 - Starting ProtocolHandler ["http-nio-8080"]
2024-09-13 12:59:37 - Started EmployeeApplication in 6.129 seconds (process running for 6.63)
2024-09-13 13:04:58 - HikariPool-1 - Shutdown initiated...
2024-09-13 13:04:58 - HikariPool-1 - Shutdown completed.
2024-09-13 13:05:00 - Starting EmployeeApplication using Java 22.0.2 with PID 14452 (C:\spring\employee\employee\target\classes started by Bhargavi G in C:\spring\employee\employee)
2024-09-13 13:05:00 - The following 1 profile is active: "prod"
2024-09-13 13:05:03 - Tomcat initialized with port 8080 (http)
2024-09-13 13:05:03 - Initializing ProtocolHandler ["http-nio-8080"]
2024-09-13 13:05:03 - Starting service [Tomcat]
2024-09-13 13:05:03 - Starting Servlet engine: [Apache Tomcat/10.1.28]
2024-09-13 13:05:03 - Initializing Spring embedded WebApplicationContext
2024-09-13 13:05:03 - Root WebApplicationContext: initialization completed in 2251 ms
2024-09-13 13:05:04 - HikariPool-1 - Starting...
2024-09-13 13:05:04 - HikariPool-1 - Added connection com.mysql.cj.jdbc.ConnectionImpl@61be6051
2024-09-13 13:05:04 - HikariPool-1 - Start completed.
2024-09-13 13:05:06 - Exposing 3 endpoints beneath base path '/actuator'
2024-09-13 13:05:06 - Starting ProtocolHandler ["http-nio-8080"]
2024-09-13 13:05:06 - Tomcat started on port 8080 (http) with context path '/'
2024-09-13 13:05:06 - Started EmployeeApplication in 6.223 seconds (process running for 6.713)
2024-09-13 13:10:26 - HikariPool-1 - Shutdown initiated...
2024-09-13 13:10:26 - HikariPool-1 - Shutdown completed.
2024-09-13 13:10:29 - HV000001: Hibernate Validator 8.0.1.Final
2024-09-13 13:10:29 - Starting EmployeeApplication using Java 22.0.2 with PID 12164 (C:\spring\employee\employee\target\classes started by Bhargavi G in C:\spring\employee\employee)
2024-09-13 13:10:29 - The following 1 profile is active: "prod"
2024-09-13 13:10:30 - Bootstrapping Spring Data JPA repositories in DEFAULT mode.
2024-09-13 13:10:31 - Finished Spring Data repository scanning in 60 ms. Found 1 JPA repository interface.
2024-09-13 13:10:31 - Tomcat initialized with port 8080 (http)
2024-09-13 13:10:31 - Initializing ProtocolHandler ["http-nio-8080"]
2024-09-13 13:10:31 - Starting service [Tomcat]
2024-09-13 13:10:31 - Starting Servlet engine: [Apache Tomcat/10.1.28]
2024-09-13 13:10:31 - Initializing Spring embedded WebApplicationContext
2024-09-13 13:10:31 - Root WebApplicationContext: initialization completed in 2239 ms
2024-09-13 13:10:32 - HHH000204: Processing PersistenceUnitInfo [name: default]
2024-09-13 13:10:32 - HHH000412: Hibernate ORM core version 6.5.2.Final
2024-09-13 13:10:32 - HHH000026: Second-level cache disabled
2024-09-13 13:10:32 - No LoadTimeWeaver setup: ignoring JPA class transformer
2024-09-13 13:10:32 - HikariPool-1 - Starting...
2024-09-13 13:10:33 - HikariPool-1 - Added connection com.mysql.cj.jdbc.ConnectionImpl@b2d8dcd
2024-09-13 13:10:33 - HikariPool-1 - Start completed.
2024-09-13 13:10:33 - HHH000489: No JTA platform available (set 'hibernate.transaction.jta.platform' to enable JTA platform integration)
2024-09-13 13:10:33 - Initialized JPA EntityManagerFactory for persistence unit 'default'
2024-09-13 13:10:35 - Exposing 3 endpoints beneath base path '/actuator'
2024-09-13 13:10:35 - Starting ProtocolHandler ["http-nio-8080"]
2024-09-13 13:10:35 - Tomcat started on port 8080 (http) with context path '/'
2024-09-13 13:10:35 - Started EmployeeApplication in 6.298 seconds (process running for 6.79)
2024-09-13 13:13:49 - Closing JPA EntityManagerFactory for persistence unit 'default'
2024-09-13 13:13:49 - HikariPool-1 - Shutdown initiated...
2024-09-13 13:13:49 - HikariPool-1 - Shutdown completed.
2024-09-13 13:13:51 - Starting EmployeeApplication using Java 22.0.2 with PID 5872 (C:\spring\employee\employee\target\classes started by Bhargavi G in C:\spring\employee\employee)
2024-09-13 13:13:51 - The following 1 profile is active: "prod"
2024-09-13 13:13:54 - Initializing ProtocolHandler ["http-nio-8080"]
2024-09-13 13:13:54 - Starting service [Tomcat]
2024-09-13 13:13:54 - Starting Servlet engine: [Apache Tomcat/10.1.28]
2024-09-13 13:13:54 - Initializing Spring embedded WebApplicationContext
2024-09-13 13:13:55 - HikariPool-1 - Starting...
2024-09-13 13:13:55 - HikariPool-1 - Added connection com.mysql.cj.jdbc.ConnectionImpl@7f894a6f
2024-09-13 13:13:55 - HikariPool-1 - Start completed.
2024-09-13 13:13:58 - Starting ProtocolHandler ["http-nio-8080"]
2024-09-13 13:13:58 - Started EmployeeApplication in 7.015 seconds (process running for 7.518)
2024-09-13 13:14:09 - HikariPool-1 - Shutdown initiated...
2024-09-13 13:14:09 - HikariPool-1 - Shutdown completed.
2024-09-13 13:14:11 - Starting EmployeeApplication using Java 22.0.2 with PID 3844 (C:\spring\employee\employee\target\classes started by Bhargavi G in C:\spring\employee\employee)
2024-09-13 13:14:11 - The following 1 profile is active: "prod"
2024-09-13 13:14:13 - Initializing ProtocolHandler ["http-nio-8080"]
2024-09-13 13:14:13 - Starting service [Tomcat]
2024-09-13 13:14:13 - Starting Servlet engine: [Apache Tomcat/10.1.28]
2024-09-13 13:14:13 - Initializing Spring embedded WebApplicationContext
2024-09-13 13:14:14 - HikariPool-1 - Starting...
2024-09-13 13:14:15 - HikariPool-1 - Added connection com.mysql.cj.jdbc.ConnectionImpl@1071ae7c
2024-09-13 13:14:15 - HikariPool-1 - Start completed.
2024-09-13 13:14:17 - Starting ProtocolHandler ["http-nio-8080"]
2024-09-13 13:14:17 - Started EmployeeApplication in 6.656 seconds (process running for 7.157)
2024-09-13 13:15:31 - HikariPool-1 - Shutdown initiated...
2024-09-13 13:15:31 - HikariPool-1 - Shutdown completed.
2024-09-13 13:15:33 - Starting EmployeeApplication using Java 22.0.2 with PID 11668 (C:\spring\employee\employee\target\classes started by Bhargavi G in C:\spring\employee\employee)
2024-09-13 13:15:33 - The following 1 profile is active: "prod"
2024-09-13 13:15:36 - Initializing ProtocolHandler ["http-nio-8080"]
2024-09-13 13:15:36 - Starting service [Tomcat]
2024-09-13 13:15:36 - Starting Servlet engine: [Apache Tomcat/10.1.28]
2024-09-13 13:15:36 - Initializing Spring embedded WebApplicationContext
2024-09-13 13:15:36 - HikariPool-1 - Starting...
2024-09-13 13:15:37 - HikariPool-1 - Added connection com.mysql.cj.jdbc.ConnectionImpl@13f2d42c
2024-09-13 13:15:37 - HikariPool-1 - Start completed.
2024-09-13 13:15:39 - Starting ProtocolHandler ["http-nio-8080"]
2024-09-13 13:15:39 - Started EmployeeApplication in 6.487 seconds (process running for 6.965)
2024-09-13 13:19:38 - Initializing Spring DispatcherServlet 'dispatcherServlet'
2024-09-13 13:19:38 - Fetching list of all employees
2024-09-13 13:19:54 - HikariPool-1 - Shutdown initiated...
2024-09-13 13:19:54 - HikariPool-1 - Shutdown completed.
2024-09-13 13:19:56 - Starting EmployeeApplication using Java 22.0.2 with PID 15480 (C:\spring\employee\employee\target\classes started by Bhargavi G in C:\spring\employee\employee)
2024-09-13 13:19:56 - The following 1 profile is active: "prod"
2024-09-13 13:19:59 - Initializing ProtocolHandler ["http-nio-8080"]
2024-09-13 13:19:59 - Starting service [Tomcat]
2024-09-13 13:19:59 - Starting Servlet engine: [Apache Tomcat/10.1.28]
2024-09-13 13:19:59 - Initializing Spring embedded WebApplicationContext
2024-09-13 13:19:59 - HikariPool-1 - Starting...
2024-09-13 13:20:00 - HikariPool-1 - Added connection com.mysql.cj.jdbc.ConnectionImpl@3d05435c
2024-09-13 13:20:00 - HikariPool-1 - Start completed.
2024-09-13 13:20:02 - Starting ProtocolHandler ["http-nio-8080"]
2024-09-13 13:20:02 - Started EmployeeApplication in 6.551 seconds (process running for 7.044)
2024-09-13 13:20:18 - HikariPool-1 - Shutdown initiated...
2024-09-13 13:20:18 - HikariPool-1 - Shutdown completed.
2024-09-13 13:20:21 - Starting EmployeeApplication using Java 22.0.2 with PID 5104 (C:\spring\employee\employee\target\classes started by Bhargavi G in C:\spring\employee\employee)
2024-09-13 13:20:21 - The following 1 profile is active: "prod"
2024-09-13 13:20:23 - Initializing ProtocolHandler ["http-nio-8080"]
2024-09-13 13:20:23 - Starting service [Tomcat]
2024-09-13 13:20:23 - Starting Servlet engine: [Apache Tomcat/10.1.28]
2024-09-13 13:20:23 - Initializing Spring embedded WebApplicationContext
2024-09-13 13:20:24 - HikariPool-1 - Starting...
2024-09-13 13:20:24 - HikariPool-1 - Added connection com.mysql.cj.jdbc.ConnectionImpl@3d05435c
2024-09-13 13:20:24 - HikariPool-1 - Start completed.
2024-09-13 13:20:27 - Starting ProtocolHandler ["http-nio-8080"]
2024-09-13 13:20:27 - Started EmployeeApplication in 6.542 seconds (process running for 7.028)
2024-09-13 13:21:10 - HikariPool-1 - Shutdown initiated...
2024-09-13 13:21:10 - HikariPool-1 - Shutdown completed.
2024-09-13 13:21:13 - Starting EmployeeApplication using Java 22.0.2 with PID 15520 (C:\spring\employee\employee\target\classes started by Bhargavi G in C:\spring\employee\employee)
2024-09-13 13:21:13 - The following 1 profile is active: "prod"
2024-09-13 13:21:15 - Initializing ProtocolHandler ["http-nio-8080"]
2024-09-13 13:21:15 - Starting service [Tomcat]
2024-09-13 13:21:15 - Starting Servlet engine: [Apache Tomcat/10.1.28]
2024-09-13 13:21:15 - Initializing Spring embedded WebApplicationContext
2024-09-13 13:21:16 - HikariPool-1 - Starting...
2024-09-13 13:21:16 - HikariPool-1 - Added connection com.mysql.cj.jdbc.ConnectionImpl@3d05435c
2024-09-13 13:21:16 - HikariPool-1 - Start completed.
2024-09-13 13:21:18 - Starting ProtocolHandler ["http-nio-8080"]
2024-09-13 13:21:18 - Started EmployeeApplication in 6.176 seconds (process running for 6.682)
2024-09-13 13:24:35 - HikariPool-1 - Shutdown initiated...
2024-09-13 13:24:35 - HikariPool-1 - Shutdown completed.
2024-09-13 13:24:38 - Starting EmployeeApplication using Java 22.0.2 with PID 17312 (C:\spring\employee\employee\target\classes started by Bhargavi G in C:\spring\employee\employee)
2024-09-13 13:24:38 - The following 1 profile is active: "prod"
2024-09-13 13:24:40 - Initializing ProtocolHandler ["http-nio-8080"]
2024-09-13 13:24:40 - Starting service [Tomcat]
2024-09-13 13:24:40 - Starting Servlet engine: [Apache Tomcat/10.1.28]
2024-09-13 13:24:40 - Initializing Spring embedded WebApplicationContext
2024-09-13 13:24:41 - HikariPool-1 - Starting...
2024-09-13 13:24:42 - HikariPool-1 - Added connection com.mysql.cj.jdbc.ConnectionImpl@57f1a1de
2024-09-13 13:24:42 - HikariPool-1 - Start completed.
2024-09-13 13:24:44 - Starting ProtocolHandler ["http-nio-8080"]
2024-09-13 13:24:44 - Started EmployeeApplication in 6.308 seconds (process running for 6.811)
2024-09-13 13:26:20 - Initializing Spring DispatcherServlet 'dispatcherServlet'
2024-09-13 13:26:53 - HikariPool-1 - Shutdown initiated...
2024-09-13 13:26:53 - HikariPool-1 - Shutdown completed.
2024-09-13 13:26:56 - Starting EmployeeApplication using Java 22.0.2 with PID 7748 (C:\spring\employee\employee\target\classes started by Bhargavi G in C:\spring\employee\employee)
2024-09-13 13:26:56 - The following 1 profile is active: "prod"
2024-09-13 13:26:58 - Initializing ProtocolHandler ["http-nio-8080"]
2024-09-13 13:26:58 - Starting service [Tomcat]
2024-09-13 13:26:58 - Starting Servlet engine: [Apache Tomcat/10.1.28]
2024-09-13 13:26:58 - Initializing Spring embedded WebApplicationContext
2024-09-13 13:26:59 - HikariPool-1 - Starting...
2024-09-13 13:26:59 - HikariPool-1 - Added connection com.mysql.cj.jdbc.ConnectionImpl@73a116d
2024-09-13 13:26:59 - HikariPool-1 - Start completed.
2024-09-13 13:27:01 - Starting ProtocolHandler ["http-nio-8080"]
2024-09-13 13:27:01 - Started EmployeeApplication in 6.169 seconds (process running for 6.655)
2024-09-13 13:27:39 - HikariPool-1 - Shutdown initiated...
2024-09-13 13:27:39 - HikariPool-1 - Shutdown completed.
2024-09-13 13:27:42 - Starting EmployeeApplication using Java 22.0.2 with PID 13296 (C:\spring\employee\employee\target\classes started by Bhargavi G in C:\spring\employee\employee)
2024-09-13 13:27:42 - The following 1 profile is active: "prod"
2024-09-13 13:27:44 - Initializing ProtocolHandler ["http-nio-8080"]
2024-09-13 13:27:44 - Starting service [Tomcat]
2024-09-13 13:27:44 - Starting Servlet engine: [Apache Tomcat/10.1.28]
2024-09-13 13:27:45 - Initializing Spring embedded WebApplicationContext
2024-09-13 13:27:46 - HikariPool-1 - Starting...
2024-09-13 13:27:46 - HikariPool-1 - Added connection com.mysql.cj.jdbc.ConnectionImpl@52a75c12
2024-09-13 13:27:46 - HikariPool-1 - Start completed.
2024-09-13 13:27:48 - Starting ProtocolHandler ["http-nio-8080"]
2024-09-13 13:27:48 - Started EmployeeApplication in 7.123 seconds (process running for 7.608)
2024-09-13 13:28:00 - Initializing Spring DispatcherServlet 'dispatcherServlet'
2024-09-13 13:35:26 - HikariPool-1 - Shutdown initiated...
2024-09-13 13:35:26 - HikariPool-1 - Shutdown completed.
2024-09-13 13:35:29 - Starting EmployeeApplication using Java 22.0.2 with PID 10372 (C:\spring\employee\employee\target\classes started by Bhargavi G in C:\spring\employee\employee)
2024-09-13 13:35:29 - The following 1 profile is active: "prod"
2024-09-13 13:35:31 - Initializing ProtocolHandler ["http-nio-8080"]
2024-09-13 13:35:31 - Starting service [Tomcat]
2024-09-13 13:35:31 - Starting Servlet engine: [Apache Tomcat/10.1.28]
2024-09-13 13:35:31 - Initializing Spring embedded WebApplicationContext
2024-09-13 13:35:32 - HikariPool-1 - Starting...
2024-09-13 13:35:32 - HikariPool-1 - Added connection com.mysql.cj.jdbc.ConnectionImpl@52a75c12
2024-09-13 13:35:32 - HikariPool-1 - Start completed.
2024-09-13 13:35:35 - Starting ProtocolHandler ["http-nio-8080"]
2024-09-13 13:35:35 - Started EmployeeApplication in 6.729 seconds (process running for 7.283)
2024-09-13 13:35:42 - Initializing Spring DispatcherServlet 'dispatcherServlet'
2024-09-13 13:37:02 - HikariPool-1 - Shutdown initiated...
2024-09-13 13:37:02 - HikariPool-1 - Shutdown completed.
2024-09-13 14:59:23 - Starting EmployeeApplication using Java 22.0.2 with PID 2268 (C:\spring\employee\employee\target\classes started by Bhargavi G in C:\spring\employee\employee)
2024-09-13 14:59:23 - The following 1 profile is active: "prod"
2024-09-13 14:59:26 - Initializing ProtocolHandler ["http-nio-8080"]
2024-09-13 14:59:26 - Starting service [Tomcat]
2024-09-13 14:59:26 - Starting Servlet engine: [Apache Tomcat/10.1.28]
2024-09-13 14:59:26 - Initializing Spring embedded WebApplicationContext
2024-09-13 14:59:28 - HikariPool-1 - Starting...
2024-09-13 14:59:29 - HikariPool-1 - Added connection com.mysql.cj.jdbc.ConnectionImpl@7d80e1b3
2024-09-13 14:59:29 - HikariPool-1 - Start completed.
2024-09-13 14:59:32 - Starting ProtocolHandler ["http-nio-8080"]
2024-09-13 14:59:32 - Started EmployeeApplication in 9.541 seconds (process running for 10.138)
2024-09-13 14:59:32 - Initializing Spring DispatcherServlet 'dispatcherServlet'
2024-09-13 15:00:28 - HikariPool-1 - Shutdown initiated...
2024-09-13 15:00:28 - HikariPool-1 - Shutdown completed.
2024-09-13 15:00:31 - Starting EmployeeApplication using Java 22.0.2 with PID 16764 (C:\spring\employee\employee\target\classes started by Bhargavi G in C:\spring\employee\employee)
2024-09-13 15:00:31 - The following 1 profile is active: "prod"
2024-09-13 15:00:35 - Initializing ProtocolHandler ["http-nio-8080"]
2024-09-13 15:00:35 - Starting service [Tomcat]
2024-09-13 15:00:35 - Starting Servlet engine: [Apache Tomcat/10.1.28]
2024-09-13 15:00:35 - Initializing Spring embedded WebApplicationContext
2024-09-13 15:00:36 - HikariPool-1 - Starting...
2024-09-13 15:00:37 - HikariPool-1 - Added connection com.mysql.cj.jdbc.ConnectionImpl@7f894a6f
2024-09-13 15:00:37 - HikariPool-1 - Start completed.
2024-09-13 15:00:40 - Starting ProtocolHandler ["http-nio-8080"]
2024-09-13 15:00:40 - Started EmployeeApplication in 9.727 seconds (process running for 10.343)
2024-09-13 15:00:41 - Initializing Spring DispatcherServlet 'dispatcherServlet'
2024-09-13 15:14:15 - HikariPool-1 - Shutdown initiated...
2024-09-13 15:14:15 - HikariPool-1 - Shutdown completed.
